<?xml version="1.0" encoding="UTF-8"?>
<!-- Generated by org.testng.reporters.JUnitReportReporter -->
<testsuite hostname="DESKTOP-FUOBAD1" failures="0" tests="1" name="com.vtiger.takebizglobal.productTestcases.TC_08_SearchProductByPartNumber" time="28.637" errors="0" timestamp="2021-08-22T23:56:05 IST" skipped="0">
  <testcase classname="com.vtiger.takebizglobal.productTestcases.TC_08_SearchProductByPartNumber" name="SearchProductByPartNumber" time="28.637"/>
  <system-out/>
</testsuite> <!-- com.vtiger.takebizglobal.productTestcases.TC_08_SearchProductByPartNumber -->
