<?xml version="1.0" encoding="UTF-8"?>
<!-- Generated by org.testng.reporters.JUnitReportReporter -->
<testsuite hostname="DESKTOP-FUOBAD1" failures="0" tests="2" name="practice.ExtentReportsPractice" time="27.362" errors="0" timestamp="2021-08-25T14:26:57 IST" skipped="0">
  <testcase classname="practice.ExtentReportsPractice" name="extentReportTest1" time="10.860"/>
  <system-out/>
  <testcase classname="practice.ExtentReportsPractice" name="extentReportTest2" time="16.502"/>
  <system-out/>
</testsuite> <!-- practice.ExtentReportsPractice -->
