<?xml version="1.0" encoding="UTF-8"?>
<!-- Generated by org.testng.reporters.JUnitReportReporter -->
<testsuite hostname="DESKTOP-FUOBAD1" failures="0" tests="1" name="com.vtiger.takebizglobal.productTestcases.TC_07_SearchProductByProductNumber" time="102.749" errors="0" timestamp="2021-08-23T09:57:42 IST" skipped="0">
  <testcase classname="com.vtiger.takebizglobal.productTestcases.TC_07_SearchProductByProductNumber" name="SearchProductByProductNumber" time="102.749"/>
  <system-out/>
</testsuite> <!-- com.vtiger.takebizglobal.productTestcases.TC_07_SearchProductByProductNumber -->
