<?xml version="1.0" encoding="UTF-8"?>
<!-- Generated by org.testng.reporters.JUnitReportReporter -->
<testsuite hostname="DESKTOP-FUOBAD1" failures="0" tests="3" name="com.vtiger.takebizglobal.packagefordistributedExec.ClassForDitributedParallelExec" time="0.017" errors="0" timestamp="2021-08-26T11:01:53 IST" skipped="0">
  <testcase classname="com.vtiger.takebizglobal.packagefordistributedExec.ClassForDitributedParallelExec" name="CreateProd" time="0.013"/>
  <system-out/>
  <testcase classname="com.vtiger.takebizglobal.packagefordistributedExec.ClassForDitributedParallelExec" name="CreateProdWithPartNum" time="0.002"/>
  <system-out/>
  <testcase classname="com.vtiger.takebizglobal.packagefordistributedExec.ClassForDitributedParallelExec" name="CreateProdWithCommRate" time="0.002"/>
  <system-out/>
</testsuite> <!-- com.vtiger.takebizglobal.packagefordistributedExec.ClassForDitributedParallelExec -->
